Using pre-set license
Built from '2021.2/staging' branch; Version is '2021.2.3f1 (32358a8527b4) revision 3290506'; Using compiler version '192829333'; Build Type 'Release'
OS: 'Windows 10 Pro; OS build 19043.1415; Version 2009; 64bit' Language: 'ru' Physical Memory: 16311 MB
BatchMode: 1, IsHumanControllingUs: 0, StartBugReporterOnCrash: 0, Is64bit: 1, IsPro: 0

COMMAND LINE ARGUMENTS:
E:\Program Files\UnityEditors\2021.2.3f1\Editor\Unity.exe
-adb2
-batchMode
-noUpm
-name
AssetImportWorker0
-projectPath
D:/Projects/ShadersStudy
-logFile
Logs/AssetImportWorker0.log
-srvPort
58831
Successfully changed project path to: D:/Projects/ShadersStudy
D:/Projects/ShadersStudy
[UnityMemory] Configuration Parameters - Can be set up in boot.config
    "memorysetup-bucket-allocator-granularity=16"
    "memorysetup-bucket-allocator-bucket-count=8"
    "memorysetup-bucket-allocator-block-size=33554432"
    "memorysetup-bucket-allocator-block-count=8"
    "memorysetup-main-allocator-block-size=16777216"
    "memorysetup-thread-allocator-block-size=16777216"
    "memorysetup-gfx-main-allocator-block-size=16777216"
    "memorysetup-gfx-thread-allocator-block-size=16777216"
    "memorysetup-cache-allocator-block-size=4194304"
    "memorysetup-typetree-allocator-block-size=2097152"
    "memorysetup-profiler-bucket-allocator-granularity=16"
    "memorysetup-profiler-bucket-allocator-bucket-count=8"
    "memorysetup-profiler-bucket-allocator-block-size=33554432"
    "memorysetup-profiler-bucket-allocator-block-count=8"
    "memorysetup-profiler-allocator-block-size=16777216"
    "memorysetup-profiler-editor-allocator-block-size=1048576"
    "memorysetup-temp-allocator-size-main=16777216"
    "memorysetup-job-temp-allocator-block-size=2097152"
    "memorysetup-job-temp-allocator-block-size-background=1048576"
    "memorysetup-job-temp-allocator-reduction-small-platforms=262144"
    "memorysetup-temp-allocator-size-background-worker=32768"
    "memorysetup-temp-allocator-size-job-worker=262144"
    "memorysetup-temp-allocator-size-preload-manager=33554432"
    "memorysetup-temp-allocator-size-nav-mesh-worker=65536"
    "memorysetup-temp-allocator-size-audio-worker=65536"
    "memorysetup-temp-allocator-size-cloud-worker=32768"
    "memorysetup-temp-allocator-size-gi-baking-worker=262144"
    "memorysetup-temp-allocator-size-gfx=262144"
Refreshing native plugins compatible for Editor in 118.77 ms, found 3 plugins.
Preloading 0 native plugins for Editor in 0.00 ms.
Initialize engine version: 2021.2.3f1 (32358a8527b4)
[Subsystems] Discovering subsystems at path E:/Program Files/UnityEditors/2021.2.3f1/Editor/Data/Resources/UnitySubsystems
[Subsystems] Discovering subsystems at path D:/Projects/ShadersStudy/Assets
GfxDevice: creating device client; threaded=0; jobified=0
Direct3D:
    Version:  Direct3D 11.0 [level 11.1]
    Renderer: NVIDIA GeForce GTX 1060 6GB (ID=0x1c03)
    Vendor:   NVIDIA
    VRAM:     6052 MB
    Driver:   27.21.14.5751
Initialize mono
Mono path[0] = 'E:/Program Files/UnityEditors/2021.2.3f1/Editor/Data/Managed'
Mono path[1] = 'E:/Program Files/UnityEditors/2021.2.3f1/Editor/Data/MonoBleedingEdge/lib/mono/unityjit-win32'
Mono config path = 'E:/Program Files/UnityEditors/2021.2.3f1/Editor/Data/MonoBleedingEdge/etc'
Using monoOptions --debugger-agent=transport=dt_socket,embedding=1,server=y,suspend=n,address=127.0.0.1:56924
Begin MonoManager ReloadAssembly
Registering precompiled unity dll's ...
Register platform support module: E:/Program Files/UnityEditors/2021.2.3f1/Editor/Data/PlaybackEngines/WindowsStandaloneSupport/UnityEditor.WindowsStandalone.Extensions.dll
Registered in 0.003471 seconds.
Native extension for WindowsStandalone target not found
Refreshing native plugins compatible for Editor in 115.60 ms, found 3 plugins.
Preloading 0 native plugins for Editor in 0.00 ms.
Mono: successfully reloaded assembly
- Completed reload, in  0.780 seconds
Domain Reload Profiling:
	ReloadAssembly (781ms)
		BeginReloadAssembly (85ms)
			ExecutionOrderSort (0ms)
			DisableScriptedObjects (0ms)
			BackupInstance (0ms)
			ReleaseScriptingObjects (0ms)
			CreateAndSetChildDomain (1ms)
		EndReloadAssembly (607ms)
			LoadAssemblies (84ms)
			RebuildTransferFunctionScriptingTraits (0ms)
			SetupTypeCache (131ms)
			ReleaseScriptCaches (0ms)
			RebuildScriptCaches (37ms)
			SetupLoadedEditorAssemblies (375ms)
				LogAssemblyErrors (0ms)
				InitializePlatformSupportModulesInManaged (18ms)
				SetLoadedEditorAssemblies (0ms)
				RefreshPlugins (116ms)
				BeforeProcessingInitializeOnLoad (2ms)
				ProcessInitializeOnLoadAttributes (179ms)
				ProcessInitializeOnLoadMethodAttributes (60ms)
				AfterProcessingInitializeOnLoad (0ms)
				EditorAssembliesLoaded (0ms)
			ExecutionOrderSort2 (0ms)
			AwakeInstancesAfterBackupRestoration (0ms)
Platform modules already initialized, skipping
Registering precompiled user dll's ...
Registered in 0.007534 seconds.
Begin MonoManager ReloadAssembly
Symbol file LoadedFromMemory doesn't match image D:\Projects\ShadersStudy\Library\PackageCache\com.unity.visualscripting@1.7.5\Editor\VisualScripting.Core\Dependencies\YamlDotNet\Unity.VisualScripting.YamlDotNet.dll
Symbol file LoadedFromMemory doesn't match image D:\Projects\ShadersStudy\Library\PackageCache\com.unity.visualscripting@1.7.5\Editor\VisualScripting.Core\Dependencies\DotNetZip\Unity.VisualScripting.IonicZip.dll
Native extension for WindowsStandalone target not found
Refreshing native plugins compatible for Editor in 117.98 ms, found 3 plugins.
Preloading 0 native plugins for Editor in 0.00 ms.
Mono: successfully reloaded assembly
- Completed reload, in  2.417 seconds
Domain Reload Profiling:
	ReloadAssembly (2419ms)
		BeginReloadAssembly (202ms)
			ExecutionOrderSort (0ms)
			DisableScriptedObjects (7ms)
			BackupInstance (0ms)
			ReleaseScriptingObjects (0ms)
			CreateAndSetChildDomain (25ms)
		EndReloadAssembly (2105ms)
			LoadAssemblies (101ms)
			RebuildTransferFunctionScriptingTraits (0ms)
			SetupTypeCache (394ms)
			ReleaseScriptCaches (2ms)
			RebuildScriptCaches (86ms)
			SetupLoadedEditorAssemblies (1384ms)
				LogAssemblyErrors (0ms)
				InitializePlatformSupportModulesInManaged (12ms)
				SetLoadedEditorAssemblies (0ms)
				RefreshPlugins (118ms)
				BeforeProcessingInitializeOnLoad (128ms)
				ProcessInitializeOnLoadAttributes (1017ms)
				ProcessInitializeOnLoadMethodAttributes (104ms)
				AfterProcessingInitializeOnLoad (3ms)
				EditorAssembliesLoaded (0ms)
			ExecutionOrderSort2 (0ms)
			AwakeInstancesAfterBackupRestoration (7ms)
Platform modules already initialized, skipping
========================================================================
Worker process is ready to serve import requests
Launched and connected shader compiler UnityShaderCompiler.exe after 0.09 seconds
Refreshing native plugins compatible for Editor in 1.02 ms, found 3 plugins.
Preloading 0 native plugins for Editor in 0.00 ms.
Unloading 5106 Unused Serialized files (Serialized files now loaded: 0)
Unloading 43 unused Assets / (0.7 MB). Loaded Objects now: 5571.
Memory consumption went from 205.2 MB to 204.5 MB.
Total: 5.060000 ms (FindLiveObjects: 0.690600 ms CreateObjectMapping: 0.448700 ms MarkObjects: 3.576900 ms  DeleteObjects: 0.342600 ms)

AssetImportParameters requested are different than current active one (requested -> active):
  custom:video-decoder-ogg-theora: a1e56fd34408186e4bbccfd4996cb3dc -> 
  custom:container-muxer-webm: aa71ff27fc2769a1b78a27578f13a17b -> 
  custom:container-demuxer-webm: 4f35f7cbe854078d1ac9338744f61a02 -> 
  custom:video-encoder-webm-vp8: eb34c28f22e8b96e1ab97ce403110664 -> 
  custom:audio-encoder-webm-vorbis: bf7c407c2cedff20999df2af8eb42d56 -> 
  custom:framework-win-MediaFoundation: 216162199b28c13a410421893ffa2e32 -> 
  custom:container-demuxer-ogg: 62fdf1f143b41e24485cea50d1cbac27 -> 
  custom:video-decoder-webm-vp8: 9c59270c3fd7afecdb556c50c9e8de78 -> 
  custom:audio-decoder-ogg-vorbis: bf7c407c2cedff20999df2af8eb42d56 -> 
========================================================================
Received Import Request.
  Time since last request: 12771.261800 seconds.
  path: Assets/Plugins/IgniteCoders/Simple Water Shader
  artifactKey: Guid(87949537800bb9845a74540c83c13921) Importer(815301076,1909f56bfc062723c751e8b465ee728b)
Start importing Assets/Plugins/IgniteCoders/Simple Water Shader using Guid(87949537800bb9845a74540c83c13921) Importer(815301076,1909f56bfc062723c751e8b465ee728b)  -> (artifact id: '5ea88195def1ccbc921200b9c9b2a757') in 0.014107 seconds 
========================================================================
Received Import Request.
  Time since last request: 0.000026 seconds.
  path: Assets/Plugins/IgniteCoders
  artifactKey: Guid(c631f9c4af68e7841bc3e9757ba2861e) Importer(815301076,1909f56bfc062723c751e8b465ee728b)
Start importing Assets/Plugins/IgniteCoders using Guid(c631f9c4af68e7841bc3e9757ba2861e) Importer(815301076,1909f56bfc062723c751e8b465ee728b)  -> (artifact id: '5c254796bc6d6bffc95d1f1007cc7c6d') in 0.008034 seconds 
========================================================================
Received Prepare
Registering precompiled user dll's ...
Registered in 0.007947 seconds.
Begin MonoManager ReloadAssembly
Symbol file LoadedFromMemory doesn't match image D:\Projects\ShadersStudy\Library\PackageCache\com.unity.visualscripting@1.7.5\Editor\VisualScripting.Core\Dependencies\YamlDotNet\Unity.VisualScripting.YamlDotNet.dll
Symbol file LoadedFromMemory doesn't match image D:\Projects\ShadersStudy\Library\PackageCache\com.unity.visualscripting@1.7.5\Editor\VisualScripting.Core\Dependencies\DotNetZip\Unity.VisualScripting.IonicZip.dll
Native extension for WindowsStandalone target not found
Refreshing native plugins compatible for Editor in 0.99 ms, found 3 plugins.
Preloading 0 native plugins for Editor in 0.00 ms.
Mono: successfully reloaded assembly
- Completed reload, in  1.690 seconds
Domain Reload Profiling:
	ReloadAssembly (1691ms)
		BeginReloadAssembly (169ms)
			ExecutionOrderSort (0ms)
			DisableScriptedObjects (9ms)
			BackupInstance (0ms)
			ReleaseScriptingObjects (0ms)
			CreateAndSetChildDomain (50ms)
		EndReloadAssembly (1413ms)
			LoadAssemblies (95ms)
			RebuildTransferFunctionScriptingTraits (0ms)
			SetupTypeCache (369ms)
			ReleaseScriptCaches (3ms)
			RebuildScriptCaches (86ms)
			SetupLoadedEditorAssemblies (675ms)
				LogAssemblyErrors (0ms)
				InitializePlatformSupportModulesInManaged (15ms)
				SetLoadedEditorAssemblies (1ms)
				RefreshPlugins (1ms)
				BeforeProcessingInitializeOnLoad (95ms)
				ProcessInitializeOnLoadAttributes (463ms)
				ProcessInitializeOnLoadMethodAttributes (97ms)
				AfterProcessingInitializeOnLoad (3ms)
				EditorAssembliesLoaded (0ms)
			ExecutionOrderSort2 (0ms)
			AwakeInstancesAfterBackupRestoration (11ms)
Platform modules already initialized, skipping
Refreshing native plugins compatible for Editor in 1.02 ms, found 3 plugins.
Preloading 0 native plugins for Editor in 0.00 ms.
Unloading 4976 Unused Serialized files (Serialized files now loaded: 0)
Unloading 37 unused Assets / (0.7 MB). Loaded Objects now: 5571.
Memory consumption went from 196.8 MB to 196.1 MB.
Total: 5.185900 ms (FindLiveObjects: 0.534000 ms CreateObjectMapping: 0.257600 ms MarkObjects: 4.058800 ms  DeleteObjects: 0.334300 ms)

AssetImportParameters requested are different than current active one (requested -> active):
  custom:video-decoder-ogg-theora: a1e56fd34408186e4bbccfd4996cb3dc -> 
  custom:container-muxer-webm: aa71ff27fc2769a1b78a27578f13a17b -> 
  custom:container-demuxer-webm: 4f35f7cbe854078d1ac9338744f61a02 -> 
  custom:video-encoder-webm-vp8: eb34c28f22e8b96e1ab97ce403110664 -> 
  custom:audio-encoder-webm-vorbis: bf7c407c2cedff20999df2af8eb42d56 -> 
  custom:framework-win-MediaFoundation: 216162199b28c13a410421893ffa2e32 -> 
  custom:container-demuxer-ogg: 62fdf1f143b41e24485cea50d1cbac27 -> 
  custom:video-decoder-webm-vp8: 9c59270c3fd7afecdb556c50c9e8de78 -> 
  custom:audio-decoder-ogg-vorbis: bf7c407c2cedff20999df2af8eb42d56 -> 
========================================================================
Received Import Request.
  Time since last request: 1502.165515 seconds.
  path: Assets/Materials/StencilBuffer/StencilPlane.mat
  artifactKey: Guid(de90662f619f2ac45a2524a755317712) Importer(815301076,1909f56bfc062723c751e8b465ee728b)
Start importing Assets/Materials/StencilBuffer/StencilPlane.mat using Guid(de90662f619f2ac45a2524a755317712) Importer(815301076,1909f56bfc062723c751e8b465ee728b)  -> (artifact id: '1591d94d67beb92f01969674483154c6') in 0.579939 seconds 
========================================================================
Received Import Request.
  Time since last request: 132.159784 seconds.
  path: Assets/Materials/StencilBuffer/StencilPlane 1.mat
  artifactKey: Guid(96b81c282157c8141ad79ec8b790cb8f) Importer(815301076,1909f56bfc062723c751e8b465ee728b)
Start importing Assets/Materials/StencilBuffer/StencilPlane 1.mat using Guid(96b81c282157c8141ad79ec8b790cb8f) Importer(815301076,1909f56bfc062723c751e8b465ee728b)  -> (artifact id: 'be77fdd6e8c18d9a0e3f2e1306449c98') in 0.034083 seconds 
========================================================================
Received Import Request.
  Time since last request: 0.000038 seconds.
  path: Assets/Materials/StencilBuffer/StencilPlane.mat
  artifactKey: Guid(de90662f619f2ac45a2524a755317712) Importer(815301076,1909f56bfc062723c751e8b465ee728b)
Start importing Assets/Materials/StencilBuffer/StencilPlane.mat using Guid(de90662f619f2ac45a2524a755317712) Importer(815301076,1909f56bfc062723c751e8b465ee728b)  -> (artifact id: 'b6186fd15d7d1e27a8beb0617ba9102f') in 0.022380 seconds 
========================================================================
Received Import Request.
  Time since last request: 43.605737 seconds.
  path: Assets/Materials/StencilBuffer/PlaneBase.mat
  artifactKey: Guid(de90662f619f2ac45a2524a755317712) Importer(815301076,1909f56bfc062723c751e8b465ee728b)
Start importing Assets/Materials/StencilBuffer/PlaneBase.mat using Guid(de90662f619f2ac45a2524a755317712) Importer(815301076,1909f56bfc062723c751e8b465ee728b)  -> (artifact id: '485ad5654cde74e387ae2b31d1068341') in 0.025244 seconds 
========================================================================
Received Import Request.
  Time since last request: 56.423710 seconds.
  path: Assets/Materials/StencilBuffer/StencilPlane 1.mat
  artifactKey: Guid(96b81c282157c8141ad79ec8b790cb8f) Importer(815301076,1909f56bfc062723c751e8b465ee728b)
Start importing Assets/Materials/StencilBuffer/StencilPlane 1.mat using Guid(96b81c282157c8141ad79ec8b790cb8f) Importer(815301076,1909f56bfc062723c751e8b465ee728b)  -> (artifact id: '78c94e09bdf0f336c52f65ba4e0ece6d') in 0.028811 seconds 
========================================================================
Received Import Request.
  Time since last request: 152.036067 seconds.
  path: Assets/Materials/StencilBuffer/StencilPlane 1.mat
  artifactKey: Guid(96b81c282157c8141ad79ec8b790cb8f) Importer(815301076,1909f56bfc062723c751e8b465ee728b)
Start importing Assets/Materials/StencilBuffer/StencilPlane 1.mat using Guid(96b81c282157c8141ad79ec8b790cb8f) Importer(815301076,1909f56bfc062723c751e8b465ee728b)  -> (artifact id: '07c66d36b9f94a3261b622b88d8c569b') in 0.020111 seconds 
========================================================================
Received Import Request.
  Time since last request: 47.688106 seconds.
  path: Assets/Materials/StencilBuffer/StencilPlane 1.mat
  artifactKey: Guid(96b81c282157c8141ad79ec8b790cb8f) Importer(815301076,1909f56bfc062723c751e8b465ee728b)
Start importing Assets/Materials/StencilBuffer/StencilPlane 1.mat using Guid(96b81c282157c8141ad79ec8b790cb8f) Importer(815301076,1909f56bfc062723c751e8b465ee728b)  -> (artifact id: '207364a6bebdd2473bef9b0aee994379') in 0.021267 seconds 
========================================================================
Received Import Request.
  Time since last request: 17.844449 seconds.
  path: Assets/Materials/StencilBuffer/StencilPlane 1.mat
  artifactKey: Guid(96b81c282157c8141ad79ec8b790cb8f) Importer(815301076,1909f56bfc062723c751e8b465ee728b)
Start importing Assets/Materials/StencilBuffer/StencilPlane 1.mat using Guid(96b81c282157c8141ad79ec8b790cb8f) Importer(815301076,1909f56bfc062723c751e8b465ee728b)  -> (artifact id: '0431c2043e8daf89ad685977a726a648') in 0.020073 seconds 
========================================================================
Received Import Request.
  Time since last request: 5.929171 seconds.
  path: Assets/Materials/StencilBuffer/StencilPlane 1.mat
  artifactKey: Guid(96b81c282157c8141ad79ec8b790cb8f) Importer(815301076,1909f56bfc062723c751e8b465ee728b)
Start importing Assets/Materials/StencilBuffer/StencilPlane 1.mat using Guid(96b81c282157c8141ad79ec8b790cb8f) Importer(815301076,1909f56bfc062723c751e8b465ee728b)  -> (artifact id: 'f147ccd3c6dcd4bb3f27fcac6a8e0365') in 0.019302 seconds 
========================================================================
Received Import Request.
  Time since last request: 8.638008 seconds.
  path: Assets/Materials/StencilBuffer/StencilPlane 1.mat
  artifactKey: Guid(96b81c282157c8141ad79ec8b790cb8f) Importer(815301076,1909f56bfc062723c751e8b465ee728b)
Start importing Assets/Materials/StencilBuffer/StencilPlane 1.mat using Guid(96b81c282157c8141ad79ec8b790cb8f) Importer(815301076,1909f56bfc062723c751e8b465ee728b)  -> (artifact id: '17ab78e20e85b7433d44daf38a2f1719') in 0.050490 seconds 
========================================================================
Received Import Request.
  Time since last request: 11.591474 seconds.
  path: Assets/Materials/StencilBuffer/StencilPlane 1.mat
  artifactKey: Guid(96b81c282157c8141ad79ec8b790cb8f) Importer(815301076,1909f56bfc062723c751e8b465ee728b)
Start importing Assets/Materials/StencilBuffer/StencilPlane 1.mat using Guid(96b81c282157c8141ad79ec8b790cb8f) Importer(815301076,1909f56bfc062723c751e8b465ee728b)  -> (artifact id: 'ba8aade6d79ae2e4d3e76cdfce10e85f') in 0.021139 seconds 
========================================================================
Received Import Request.
  Time since last request: 37.699672 seconds.
  path: Assets/Materials/StencilBuffer/StencilPlane 1.mat
  artifactKey: Guid(96b81c282157c8141ad79ec8b790cb8f) Importer(815301076,1909f56bfc062723c751e8b465ee728b)
Start importing Assets/Materials/StencilBuffer/StencilPlane 1.mat using Guid(96b81c282157c8141ad79ec8b790cb8f) Importer(815301076,1909f56bfc062723c751e8b465ee728b)  -> (artifact id: '588b2ac7c70b6781b1cbfe8dd7377a17') in 0.016096 seconds 
========================================================================
Received Import Request.
  Time since last request: 2.603388 seconds.
  path: Assets/Materials/StencilBuffer/StencilPlane 2.mat
  artifactKey: Guid(7509f5ded4ab35b48a218ecd20c3685f) Importer(815301076,1909f56bfc062723c751e8b465ee728b)
Start importing Assets/Materials/StencilBuffer/StencilPlane 2.mat using Guid(7509f5ded4ab35b48a218ecd20c3685f) Importer(815301076,1909f56bfc062723c751e8b465ee728b)  -> (artifact id: '1e700dea92e395febdce9c0585c5dbfb') in 0.018705 seconds 
========================================================================
Received Import Request.
  Time since last request: 7.232325 seconds.
  path: Assets/Materials/StencilBuffer/StencilPlane 2.mat
  artifactKey: Guid(7509f5ded4ab35b48a218ecd20c3685f) Importer(815301076,1909f56bfc062723c751e8b465ee728b)
Start importing Assets/Materials/StencilBuffer/StencilPlane 2.mat using Guid(7509f5ded4ab35b48a218ecd20c3685f) Importer(815301076,1909f56bfc062723c751e8b465ee728b)  -> (artifact id: '1153867ec1342a48cd8561aaa2b4f695') in 0.016520 seconds 
========================================================================
Received Import Request.
  Time since last request: 146.115737 seconds.
  path: Assets/Plugins/Stylize Water Texture/Textures
  artifactKey: Guid(70867da6bf5f23744b22677a580e0ad7) Importer(815301076,1909f56bfc062723c751e8b465ee728b)
Start importing Assets/Plugins/Stylize Water Texture/Textures using Guid(70867da6bf5f23744b22677a580e0ad7) Importer(815301076,1909f56bfc062723c751e8b465ee728b)  -> (artifact id: '976602cc1d087e8a9df9f571178cab1c') in 0.008903 seconds 
========================================================================
Received Import Request.
  Time since last request: 0.031090 seconds.
  path: Assets/Plugins/Stylize Water Texture/Textures/Vol_36_5_Ambient_Occlusion.png
  artifactKey: Guid(5e3b47c76d4c55d44be834515b7fe551) Importer(815301076,1909f56bfc062723c751e8b465ee728b)
Start importing Assets/Plugins/Stylize Water Texture/Textures/Vol_36_5_Ambient_Occlusion.png using Guid(5e3b47c76d4c55d44be834515b7fe551) Importer(815301076,1909f56bfc062723c751e8b465ee728b)  -> (artifact id: '8c2d8a990becb593e54e5f1b5c867f51') in 0.071645 seconds 
========================================================================
Received Import Request.
  Time since last request: 0.000080 seconds.
  path: Assets/Plugins/Stylize Water Texture/Textures/Vol_36_5_Roughness.png
  artifactKey: Guid(f10d29a80bdd36144b8303811abc46ff) Importer(815301076,1909f56bfc062723c751e8b465ee728b)
Start importing Assets/Plugins/Stylize Water Texture/Textures/Vol_36_5_Roughness.png using Guid(f10d29a80bdd36144b8303811abc46ff) Importer(815301076,1909f56bfc062723c751e8b465ee728b)  -> (artifact id: '2e485ec7ca0e7232c80c3c21853e290c') in 0.018313 seconds 
========================================================================
Received Import Request.
  Time since last request: 0.000036 seconds.
  path: Assets/Plugins/Stylize Water Texture/Textures/Vol_36_5_Height.png
  artifactKey: Guid(ef65c313b280a3245b7badb32cdc1c56) Importer(815301076,1909f56bfc062723c751e8b465ee728b)
Start importing Assets/Plugins/Stylize Water Texture/Textures/Vol_36_5_Height.png using Guid(ef65c313b280a3245b7badb32cdc1c56) Importer(815301076,1909f56bfc062723c751e8b465ee728b)  -> (artifact id: 'd6e8d94e9abc98a0838ac93ec77f1446') in 0.018115 seconds 
========================================================================
Received Import Request.
  Time since last request: 0.000155 seconds.
  path: Assets/Plugins/Stylize Water Texture/Textures/Vol_36_5_Base_Color.png
  artifactKey: Guid(aa701e5be2dbcd24aad4fb9c3ca284da) Importer(815301076,1909f56bfc062723c751e8b465ee728b)
Start importing Assets/Plugins/Stylize Water Texture/Textures/Vol_36_5_Base_Color.png using Guid(aa701e5be2dbcd24aad4fb9c3ca284da) Importer(815301076,1909f56bfc062723c751e8b465ee728b)  -> (artifact id: 'd7ca685aee60c7513bd7ee7e3a34aa9e') in 0.018018 seconds 
========================================================================
Received Import Request.
  Time since last request: 0.000033 seconds.
  path: Assets/Plugins/Stylize Water Texture/Textures/Vol_36_5_Normal.png
  artifactKey: Guid(f805e88d3eaf0f046ac4ed03de5c7c3e) Importer(815301076,1909f56bfc062723c751e8b465ee728b)
Start importing Assets/Plugins/Stylize Water Texture/Textures/Vol_36_5_Normal.png using Guid(f805e88d3eaf0f046ac4ed03de5c7c3e) Importer(815301076,1909f56bfc062723c751e8b465ee728b)  -> (artifact id: '5d89d57ef30945cb8e613d8e31114fcd') in 0.022901 seconds 
========================================================================
Received Import Request.
  Time since last request: 0.000025 seconds.
  path: Assets/Plugins/Stylize Water Texture/Textures/Vol_36_5_Emissive.png
  artifactKey: Guid(92de9fbb5fd25fe40a72ae7751d83b52) Importer(815301076,1909f56bfc062723c751e8b465ee728b)
Start importing Assets/Plugins/Stylize Water Texture/Textures/Vol_36_5_Emissive.png using Guid(92de9fbb5fd25fe40a72ae7751d83b52) Importer(815301076,1909f56bfc062723c751e8b465ee728b)  -> (artifact id: 'bce11f1866057602c416469658987f2f') in 0.017931 seconds 
========================================================================
Received Import Request.
  Time since last request: 19.098031 seconds.
  path: Assets/Materials/StencilBuffer/StencilPlane 2.mat
  artifactKey: Guid(7509f5ded4ab35b48a218ecd20c3685f) Importer(815301076,1909f56bfc062723c751e8b465ee728b)
Start importing Assets/Materials/StencilBuffer/StencilPlane 2.mat using Guid(7509f5ded4ab35b48a218ecd20c3685f) Importer(815301076,1909f56bfc062723c751e8b465ee728b)  -> (artifact id: 'ddc51791de9d38848bcb6ac5292b9d34') in 0.019580 seconds 
========================================================================
Received Prepare
Registering precompiled user dll's ...
Registered in 0.006916 seconds.
Begin MonoManager ReloadAssembly
Symbol file LoadedFromMemory doesn't match image D:\Projects\ShadersStudy\Library\PackageCache\com.unity.visualscripting@1.7.5\Editor\VisualScripting.Core\Dependencies\YamlDotNet\Unity.VisualScripting.YamlDotNet.dll
Symbol file LoadedFromMemory doesn't match image D:\Projects\ShadersStudy\Library\PackageCache\com.unity.visualscripting@1.7.5\Editor\VisualScripting.Core\Dependencies\DotNetZip\Unity.VisualScripting.IonicZip.dll
Native extension for WindowsStandalone target not found
Refreshing native plugins compatible for Editor in 1.39 ms, found 3 plugins.
Preloading 0 native plugins for Editor in 0.00 ms.
Mono: successfully reloaded assembly
- Completed reload, in  2.081 seconds
Domain Reload Profiling:
	ReloadAssembly (2082ms)
		BeginReloadAssembly (189ms)
			ExecutionOrderSort (0ms)
			DisableScriptedObjects (12ms)
			BackupInstance (0ms)
			ReleaseScriptingObjects (0ms)
			CreateAndSetChildDomain (60ms)
		EndReloadAssembly (1782ms)
			LoadAssemblies (100ms)
			RebuildTransferFunctionScriptingTraits (0ms)
			SetupTypeCache (449ms)
			ReleaseScriptCaches (3ms)
			RebuildScriptCaches (79ms)
			SetupLoadedEditorAssemblies (851ms)
				LogAssemblyErrors (0ms)
				InitializePlatformSupportModulesInManaged (17ms)
				SetLoadedEditorAssemblies (1ms)
				RefreshPlugins (2ms)
				BeforeProcessingInitializeOnLoad (118ms)
				ProcessInitializeOnLoadAttributes (590ms)
				ProcessInitializeOnLoadMethodAttributes (118ms)
				AfterProcessingInitializeOnLoad (5ms)
				EditorAssembliesLoaded (0ms)
			ExecutionOrderSort2 (0ms)
			AwakeInstancesAfterBackupRestoration (27ms)
Platform modules already initialized, skipping
Refreshing native plugins compatible for Editor in 1.21 ms, found 3 plugins.
Preloading 0 native plugins for Editor in 0.00 ms.
Unloading 4989 Unused Serialized files (Serialized files now loaded: 0)
Unloading 32 unused Assets / (310.4 KB). Loaded Objects now: 5762.
Memory consumption went from 227.8 MB to 227.5 MB.
Total: 5.550400 ms (FindLiveObjects: 0.917100 ms CreateObjectMapping: 0.651900 ms MarkObjects: 3.887200 ms  DeleteObjects: 0.092600 ms)

AssetImportParameters requested are different than current active one (requested -> active):
  custom:video-decoder-ogg-theora: a1e56fd34408186e4bbccfd4996cb3dc -> 
  custom:container-muxer-webm: aa71ff27fc2769a1b78a27578f13a17b -> 
  custom:container-demuxer-webm: 4f35f7cbe854078d1ac9338744f61a02 -> 
  custom:video-encoder-webm-vp8: eb34c28f22e8b96e1ab97ce403110664 -> 
  custom:audio-encoder-webm-vorbis: bf7c407c2cedff20999df2af8eb42d56 -> 
  custom:framework-win-MediaFoundation: 216162199b28c13a410421893ffa2e32 -> 
  custom:container-demuxer-ogg: 62fdf1f143b41e24485cea50d1cbac27 -> 
  custom:video-decoder-webm-vp8: 9c59270c3fd7afecdb556c50c9e8de78 -> 
  custom:audio-decoder-ogg-vorbis: bf7c407c2cedff20999df2af8eb42d56 -> 
========================================================================
Received Prepare
Registering precompiled user dll's ...
Registered in 0.007222 seconds.
Begin MonoManager ReloadAssembly
Symbol file LoadedFromMemory doesn't match image D:\Projects\ShadersStudy\Library\PackageCache\com.unity.visualscripting@1.7.5\Editor\VisualScripting.Core\Dependencies\YamlDotNet\Unity.VisualScripting.YamlDotNet.dll
Symbol file LoadedFromMemory doesn't match image D:\Projects\ShadersStudy\Library\PackageCache\com.unity.visualscripting@1.7.5\Editor\VisualScripting.Core\Dependencies\DotNetZip\Unity.VisualScripting.IonicZip.dll
Native extension for WindowsStandalone target not found
Refreshing native plugins compatible for Editor in 1.20 ms, found 3 plugins.
Preloading 0 native plugins for Editor in 0.00 ms.
Mono: successfully reloaded assembly
- Completed reload, in  2.182 seconds
Domain Reload Profiling:
	ReloadAssembly (2183ms)
		BeginReloadAssembly (170ms)
			ExecutionOrderSort (0ms)
			DisableScriptedObjects (11ms)
			BackupInstance (0ms)
			ReleaseScriptingObjects (0ms)
			CreateAndSetChildDomain (52ms)
		EndReloadAssembly (1904ms)
			LoadAssemblies (100ms)
			RebuildTransferFunctionScriptingTraits (0ms)
			SetupTypeCache (462ms)
			ReleaseScriptCaches (3ms)
			RebuildScriptCaches (120ms)
			SetupLoadedEditorAssemblies (849ms)
				LogAssemblyErrors (0ms)
				InitializePlatformSupportModulesInManaged (20ms)
				SetLoadedEditorAssemblies (1ms)
				RefreshPlugins (1ms)
				BeforeProcessingInitializeOnLoad (148ms)
				ProcessInitializeOnLoadAttributes (562ms)
				ProcessInitializeOnLoadMethodAttributes (111ms)
				AfterProcessingInitializeOnLoad (5ms)
				EditorAssembliesLoaded (0ms)
			ExecutionOrderSort2 (0ms)
			AwakeInstancesAfterBackupRestoration (27ms)
Platform modules already initialized, skipping
Refreshing native plugins compatible for Editor in 1.18 ms, found 3 plugins.
Preloading 0 native plugins for Editor in 0.00 ms.
Unloading 4973 Unused Serialized files (Serialized files now loaded: 0)
Unloading 32 unused Assets / (310.5 KB). Loaded Objects now: 5764.
Memory consumption went from 226.7 MB to 226.4 MB.
Total: 4.764100 ms (FindLiveObjects: 0.752500 ms CreateObjectMapping: 0.474800 ms MarkObjects: 3.435900 ms  DeleteObjects: 0.099800 ms)

AssetImportParameters requested are different than current active one (requested -> active):
  custom:video-decoder-ogg-theora: a1e56fd34408186e4bbccfd4996cb3dc -> 
  custom:container-muxer-webm: aa71ff27fc2769a1b78a27578f13a17b -> 
  custom:container-demuxer-webm: 4f35f7cbe854078d1ac9338744f61a02 -> 
  custom:video-encoder-webm-vp8: eb34c28f22e8b96e1ab97ce403110664 -> 
  custom:audio-encoder-webm-vorbis: bf7c407c2cedff20999df2af8eb42d56 -> 
  custom:framework-win-MediaFoundation: 216162199b28c13a410421893ffa2e32 -> 
  custom:container-demuxer-ogg: 62fdf1f143b41e24485cea50d1cbac27 -> 
  custom:video-decoder-webm-vp8: 9c59270c3fd7afecdb556c50c9e8de78 -> 
  custom:audio-decoder-ogg-vorbis: bf7c407c2cedff20999df2af8eb42d56 -> 
========================================================================
Received Import Request.
  Time since last request: 577.654713 seconds.
  path: Assets/Scenes/StencilBuffer/StencilTest.unity
  artifactKey: Guid(2216f2497d34edd4d888f3ffc3f699dc) Importer(815301076,1909f56bfc062723c751e8b465ee728b)
Start importing Assets/Scenes/StencilBuffer/StencilTest.unity using Guid(2216f2497d34edd4d888f3ffc3f699dc) Importer(815301076,1909f56bfc062723c751e8b465ee728b)  -> (artifact id: 'a58e59650fd1fa88b8e5e458f900318c') in 0.035684 seconds 
========================================================================
Received Import Request.
  Time since last request: 1261.622367 seconds.
  path: Assets/Scripts
  artifactKey: Guid(02a3527b6b33a924e8ec66aa805ea717) Importer(815301076,1909f56bfc062723c751e8b465ee728b)
Start importing Assets/Scripts using Guid(02a3527b6b33a924e8ec66aa805ea717) Importer(815301076,1909f56bfc062723c751e8b465ee728b)  -> (artifact id: '1aed7bb1d03ca5650d48772c3d9bd62d') in 0.006177 seconds 
========================================================================
Received Import Request.
  Time since last request: 5.419794 seconds.
  path: Assets/Scripts/StencilBuffer
  artifactKey: Guid(e04ef7269a9c3d0419379744e85f8006) Importer(815301076,1909f56bfc062723c751e8b465ee728b)
Start importing Assets/Scripts/StencilBuffer using Guid(e04ef7269a9c3d0419379744e85f8006) Importer(815301076,1909f56bfc062723c751e8b465ee728b)  -> (artifact id: '1c912d34b46c362014082a5e1ac8fa4e') in 0.007499 seconds 
========================================================================
Received Prepare
Registering precompiled user dll's ...
Registered in 0.006919 seconds.
Begin MonoManager ReloadAssembly
Symbol file LoadedFromMemory doesn't match image D:\Projects\ShadersStudy\Library\PackageCache\com.unity.visualscripting@1.7.5\Editor\VisualScripting.Core\Dependencies\YamlDotNet\Unity.VisualScripting.YamlDotNet.dll
Symbol file LoadedFromMemory doesn't match image D:\Projects\ShadersStudy\Library\PackageCache\com.unity.visualscripting@1.7.5\Editor\VisualScripting.Core\Dependencies\DotNetZip\Unity.VisualScripting.IonicZip.dll
Native extension for WindowsStandalone target not found
Refreshing native plugins compatible for Editor in 0.95 ms, found 3 plugins.
Preloading 0 native plugins for Editor in 0.00 ms.
Mono: successfully reloaded assembly
- Completed reload, in  1.686 seconds
Domain Reload Profiling:
	ReloadAssembly (1687ms)
		BeginReloadAssembly (168ms)
			ExecutionOrderSort (0ms)
			DisableScriptedObjects (12ms)
			BackupInstance (0ms)
			ReleaseScriptingObjects (0ms)
			CreateAndSetChildDomain (56ms)
		EndReloadAssembly (1408ms)
			LoadAssemblies (98ms)
			RebuildTransferFunctionScriptingTraits (0ms)
			SetupTypeCache (375ms)
			ReleaseScriptCaches (2ms)
			RebuildScriptCaches (67ms)
			SetupLoadedEditorAssemblies (674ms)
				LogAssemblyErrors (0ms)
				InitializePlatformSupportModulesInManaged (13ms)
				SetLoadedEditorAssemblies (1ms)
				RefreshPlugins (1ms)
				BeforeProcessingInitializeOnLoad (96ms)
				ProcessInitializeOnLoadAttributes (468ms)
				ProcessInitializeOnLoadMethodAttributes (92ms)
				AfterProcessingInitializeOnLoad (3ms)
				EditorAssembliesLoaded (0ms)
			ExecutionOrderSort2 (0ms)
			AwakeInstancesAfterBackupRestoration (22ms)
Platform modules already initialized, skipping
Refreshing native plugins compatible for Editor in 1.00 ms, found 3 plugins.
Preloading 0 native plugins for Editor in 0.00 ms.
Unloading 4973 Unused Serialized files (Serialized files now loaded: 0)
Unloading 32 unused Assets / (310.5 KB). Loaded Objects now: 5766.
Memory consumption went from 226.7 MB to 226.4 MB.
Total: 5.954300 ms (FindLiveObjects: 0.502000 ms CreateObjectMapping: 0.325700 ms MarkObjects: 5.050800 ms  DeleteObjects: 0.074600 ms)

AssetImportParameters requested are different than current active one (requested -> active):
  custom:video-decoder-ogg-theora: a1e56fd34408186e4bbccfd4996cb3dc -> 
  custom:container-muxer-webm: aa71ff27fc2769a1b78a27578f13a17b -> 
  custom:container-demuxer-webm: 4f35f7cbe854078d1ac9338744f61a02 -> 
  custom:video-encoder-webm-vp8: eb34c28f22e8b96e1ab97ce403110664 -> 
  custom:audio-encoder-webm-vorbis: bf7c407c2cedff20999df2af8eb42d56 -> 
  custom:framework-win-MediaFoundation: 216162199b28c13a410421893ffa2e32 -> 
  custom:container-demuxer-ogg: 62fdf1f143b41e24485cea50d1cbac27 -> 
  custom:video-decoder-webm-vp8: 9c59270c3fd7afecdb556c50c9e8de78 -> 
  custom:audio-decoder-ogg-vorbis: bf7c407c2cedff20999df2af8eb42d56 -> 
========================================================================
Received Import Request.
  Time since last request: 27.415334 seconds.
  path: Assets/Scenes/StencilBuffer/New Scene.unity
  artifactKey: Guid(7dae9f76dc408e44ea06f20c3144fc05) Importer(815301076,1909f56bfc062723c751e8b465ee728b)
Start importing Assets/Scenes/StencilBuffer/New Scene.unity using Guid(7dae9f76dc408e44ea06f20c3144fc05) Importer(815301076,1909f56bfc062723c751e8b465ee728b)  -> (artifact id: 'dd82cd049aa13f5333660a285ef617bc') in 0.029193 seconds 
========================================================================
Received Import Request.
  Time since last request: 5.043794 seconds.
  path: Assets/Scenes/StencilBuffer/StencilCube.unity
  artifactKey: Guid(7dae9f76dc408e44ea06f20c3144fc05) Importer(815301076,1909f56bfc062723c751e8b465ee728b)
Start importing Assets/Scenes/StencilBuffer/StencilCube.unity using Guid(7dae9f76dc408e44ea06f20c3144fc05) Importer(815301076,1909f56bfc062723c751e8b465ee728b)  -> (artifact id: '4937ca139f72a983790f7842c2acb18a') in 0.009126 seconds 
